<?xml version="1.0" encoding="UTF-8"?>
<!-- Generated by org.testng.reporters.JUnitXMLReporter -->
<testsuite ignored="2" hostname="DESKTOP-58UFGNN" failures="0" tests="1" name="Default test" time="37.934" errors="0" timestamp="2024-05-15T18:59:05 IST">
  <testcase classname="com.comcat.crm.orgtest.CreateOrganizationTest" name="createOrganizationtest" time="29.568"/>
  <testcase classname="com.comcat.crm.orgtest.CreateOrganizationTest" name="createOrgWithPhoneNumtest" time="0.0">
    <ignored/>
  </testcase> <!-- createOrgWithPhoneNumtest -->
  <testcase classname="com.comcat.crm.orgtest.CreateOrganizationTest" name="createorganizationWithINdustest" time="0.0">
    <ignored/>
  </testcase> <!-- createorganizationWithINdustest -->
</testsuite> <!-- Default test -->
