<?xml version="1.0" encoding="UTF-8"?>
<testng-results ignored="0" total="1" passed="1" failed="0" skipped="0">
  <reporter-output>
  </reporter-output>
  <suite started-at="2024-05-15T18:58:27 IST" name="Default suite" finished-at="2024-05-15T18:59:05 IST" duration-ms="37934">
    <groups>
    </groups>
    <test started-at="2024-05-15T18:58:27 IST" name="Default test" finished-at="2024-05-15T18:59:05 IST" duration-ms="37934">
      <class name="com.comcat.crm.orgtest.CreateOrganizationTest">
        <test-method is-config="true" signature="configBS()[pri:0, instance:com.comcat.crm.orgtest.CreateOrganizationTest@59402b8f]" started-at="2024-05-15T18:58:27 IST" name="configBS" finished-at="2024-05-15T18:58:27 IST" duration-ms="379" status="PASS">
          <reporter-output>
          </reporter-output>
        </test-method> <!-- configBS -->
        <test-method is-config="true" signature="configBC()[pri:0, instance:com.comcat.crm.orgtest.CreateOrganizationTest@59402b8f]" started-at="2024-05-15T18:58:27 IST" name="configBC" finished-at="2024-05-15T18:58:31 IST" duration-ms="3217" status="PASS">
          <reporter-output>
          </reporter-output>
        </test-method> <!-- configBC -->
        <test-method is-config="true" signature="connBM()[pri:0, instance:com.comcat.crm.orgtest.CreateOrganizationTest@59402b8f]" started-at="2024-05-15T18:58:31 IST" name="connBM" finished-at="2024-05-15T18:58:34 IST" duration-ms="3522" status="PASS">
          <reporter-output>
          </reporter-output>
        </test-method> <!-- connBM -->
        <test-method signature="createOrganizationtest()[pri:0, instance:com.comcat.crm.orgtest.CreateOrganizationTest@59402b8f]" started-at="2024-05-15T18:58:34 IST" name="createOrganizationtest" finished-at="2024-05-15T18:59:04 IST" duration-ms="29568" status="PASS">
          <reporter-output>
          </reporter-output>
        </test-method> <!-- createOrganizationtest -->
        <test-method is-config="true" signature="configAM()[pri:0, instance:com.comcat.crm.orgtest.CreateOrganizationTest@59402b8f]" started-at="2024-05-15T18:59:04 IST" name="configAM" finished-at="2024-05-15T18:59:05 IST" duration-ms="1223" status="PASS">
          <reporter-output>
          </reporter-output>
        </test-method> <!-- configAM -->
        <test-method is-config="true" signature="connAC()[pri:0, instance:com.comcat.crm.orgtest.CreateOrganizationTest@59402b8f]" started-at="2024-05-15T18:59:05 IST" name="connAC" finished-at="2024-05-15T18:59:05 IST" duration-ms="333" status="PASS">
          <reporter-output>
          </reporter-output>
        </test-method> <!-- connAC -->
        <test-method is-config="true" signature="configAS()[pri:0, instance:com.comcat.crm.orgtest.CreateOrganizationTest@59402b8f]" started-at="2024-05-15T18:59:05 IST" name="configAS" finished-at="2024-05-15T18:59:05 IST" duration-ms="9" status="PASS">
          <reporter-output>
          </reporter-output>
        </test-method> <!-- configAS -->
      </class> <!-- com.comcat.crm.orgtest.CreateOrganizationTest -->
    </test> <!-- Default test -->
  </suite> <!-- Default suite -->
</testng-results>
